<?xml version="1.0" encoding="UTF-8"?>
<testng-results ignored="0" total="1" passed="0" failed="1" skipped="0">
  <reporter-output>
  </reporter-output>
  <suite started-at="2023-02-22T15:41:54 IST" name="Default suite" finished-at="2023-02-22T15:42:24 IST" duration-ms="30264">
    <groups>
    </groups>
    <test started-at="2023-02-22T15:41:54 IST" name="Default test" finished-at="2023-02-22T15:42:24 IST" duration-ms="30264">
      <class name="com.excelr.project.OrengeHRMProject1.PIM">
        <test-method is-config="true" signature="beforeMethod()[pri:0, instance:com.excelr.project.OrengeHRMProject1.PIM@4c583ecf]" started-at="2023-02-22T15:41:54 IST" name="beforeMethod" finished-at="2023-02-22T15:42:24 IST" duration-ms="29647" status="PASS">
          <reporter-output>
          </reporter-output>
        </test-method> <!-- beforeMethod -->
        <test-method signature="Employ_Review()[pri:0, instance:com.excelr.project.OrengeHRMProject1.PIM@4c583ecf]" started-at="2023-02-22T15:42:24 IST" name="Employ_Review" finished-at="2023-02-22T15:42:24 IST" duration-ms="10" status="FAIL">
          <exception class="java.lang.Error">
            <message>
              <![CDATA[Unresolved compilation problem: 
Syntax error, insert ")" to complete Expression
]]>
            </message>
            <full-stacktrace>
              <![CDATA[java.lang.Error: Unresolved compilation problem: 
Syntax error, insert ")" to complete Expression

at com.excelr.project.OrengeHRMProject1.PIM.Employ_Review(PIM.java:44)
at java.base/jdk.internal.reflect.NativeMethodAccessorImpl.invoke0(Native Method)
at java.base/jdk.internal.reflect.NativeMethodAccessorImpl.invoke(NativeMethodAccessorImpl.java:77)
at java.base/jdk.internal.reflect.DelegatingMethodAccessorImpl.invoke(DelegatingMethodAccessorImpl.java:43)
at java.base/java.lang.reflect.Method.invoke(Method.java:568)
at org.testng.internal.invokers.MethodInvocationHelper.invokeMethod(MethodInvocationHelper.java:139)
at org.testng.internal.invokers.TestInvoker.invokeMethod(TestInvoker.java:677)
at org.testng.internal.invokers.TestInvoker.invokeTestMethod(TestInvoker.java:221)
at org.testng.internal.invokers.MethodRunner.runInSequence(MethodRunner.java:50)
at org.testng.internal.invokers.TestInvoker$MethodInvocationAgent.invoke(TestInvoker.java:969)
at org.testng.internal.invokers.TestInvoker.invokeTestMethods(TestInvoker.java:194)
at org.testng.internal.invokers.TestMethodWorker.invokeTestMethods(TestMethodWorker.java:148)
at org.testng.internal.invokers.TestMethodWorker.run(TestMethodWorker.java:128)
at java.base/java.util.ArrayList.forEach(ArrayList.java:1511)
at org.testng.TestRunner.privateRun(TestRunner.java:829)
at org.testng.TestRunner.run(TestRunner.java:602)
at org.testng.SuiteRunner.runTest(SuiteRunner.java:437)
at org.testng.SuiteRunner.runSequentially(SuiteRunner.java:431)
at org.testng.SuiteRunner.privateRun(SuiteRunner.java:391)
at org.testng.SuiteRunner.run(SuiteRunner.java:330)
at org.testng.SuiteRunnerWorker.runSuite(SuiteRunnerWorker.java:52)
at org.testng.SuiteRunnerWorker.run(SuiteRunnerWorker.java:95)
at org.testng.TestNG.runSuitesSequentially(TestNG.java:1256)
at org.testng.TestNG.runSuitesLocally(TestNG.java:1176)
at org.testng.TestNG.runSuites(TestNG.java:1099)
at org.testng.TestNG.run(TestNG.java:1067)
at org.testng.remote.AbstractRemoteTestNG.run(AbstractRemoteTestNG.java:115)
at org.testng.remote.RemoteTestNG.initAndRun(RemoteTestNG.java:251)
at org.testng.remote.RemoteTestNG.main(RemoteTestNG.java:77)
]]>
            </full-stacktrace>
          </exception> <!-- java.lang.Error -->
          <reporter-output>
          </reporter-output>
        </test-method> <!-- Employ_Review -->
        <test-method is-config="true" signature="afterMethod()[pri:0, instance:com.excelr.project.OrengeHRMProject1.PIM@4c583ecf]" started-at="2023-02-22T15:42:24 IST" name="afterMethod" finished-at="2023-02-22T15:42:24 IST" duration-ms="516" status="PASS">
          <reporter-output>
          </reporter-output>
        </test-method> <!-- afterMethod -->
      </class> <!-- com.excelr.project.OrengeHRMProject1.PIM -->
    </test> <!-- Default test -->
  </suite> <!-- Default suite -->
</testng-results>
