<?xml version="1.0" encoding="UTF-8"?>
<testng-results ignored="0" total="1" passed="1" failed="0" skipped="0">
  <reporter-output>
  </reporter-output>
  <suite started-at="2023-03-03T11:28:32 IST" name="Default suite" finished-at="2023-03-03T11:30:01 IST" duration-ms="88532">
    <groups>
    </groups>
    <test started-at="2023-03-03T11:28:32 IST" name="Default test" finished-at="2023-03-03T11:30:01 IST" duration-ms="88532">
      <class name="com.project.WebMath.ChooseMathHelpItem">
        <test-method is-config="true" signature="launchURL()[pri:0, instance:com.project.WebMath.ChooseMathHelpItem@4c583ecf]" started-at="2023-03-03T11:28:32 IST" name="launchURL" finished-at="2023-03-03T11:29:23 IST" duration-ms="51155" status="PASS">
          <reporter-output>
          </reporter-output>
        </test-method> <!-- launchURL -->
        <test-method signature="mathItem()[pri:0, instance:com.project.WebMath.ChooseMathHelpItem@4c583ecf]" started-at="2023-03-03T11:29:23 IST" name="mathItem" finished-at="2023-03-03T11:29:59 IST" duration-ms="35566" status="PASS">
          <reporter-output>
          </reporter-output>
        </test-method> <!-- mathItem -->
        <test-method is-config="true" signature="closeConnection()[pri:0, instance:com.project.WebMath.ChooseMathHelpItem@4c583ecf]" started-at="2023-03-03T11:29:59 IST" name="closeConnection" finished-at="2023-03-03T11:30:01 IST" duration-ms="1694" status="PASS">
          <reporter-output>
          </reporter-output>
        </test-method> <!-- closeConnection -->
      </class> <!-- com.project.WebMath.ChooseMathHelpItem -->
    </test> <!-- Default test -->
  </suite> <!-- Default suite -->
</testng-results>
